# JRE version: 7.0_21-b11
# Java VM: Java HotSpot(TM) 64-Bit Server VM (23.21-b01 mixed mode windows-amd64 compressed oops)
Heap
 PSYoungGen      total 24704K, used 2235K [0x00000000f1560000, 0x00000000f2fd0000, 0x0000000100000000)
  eden space 22336K, 10% used [0x00000000f1560000,0x00000000f178ef18,0x00000000f2b30000)
  from space 2368K, 0% used [0x00000000f2d80000,0x00000000f2d80000,0x00000000f2fd0000)
  to   space 2368K, 0% used [0x00000000f2b30000,0x00000000f2b30000,0x00000000f2d80000)
 ParOldGen       total 60800K, used 38609K [0x00000000d4000000, 0x00000000d7b60000, 0x00000000f1560000)
  object space 60800K, 63% used [0x00000000d4000000,0x00000000d65b46e0,0x00000000d7b60000)
 PSPermGen       total 21248K, used 8784K [0x00000000cee00000, 0x00000000d02c0000, 0x00000000d4000000)
  object space 21248K, 41% used [0x00000000cee00000,0x00000000cf694218,0x00000000d02c0000)
GC Heap History (10 events):
Event: 2.855 GC heap before
{Heap before GC invocations=3 (full 1):
 PSYoungGen      total 13120K, used 11264K [0x00000000f1560000, 0x00000000f2400000, 0x0000000100000000)
  eden space 11264K, 100% used [0x00000000f1560000,0x00000000f2060000,0x00000000f2060000)
  from space 1856K, 0% used [0x00000000f2060000,0x00000000f2060000,0x00000000f2230000)
  to   space 1856K, 0% used [0x00000000f2230000,0x00000000f2230000,0x00000000f2400000)
 ParOldGen       total 60800K, used 38609K [0x00000000d4000000, 0x00000000d7b60000, 0x00000000f1560000)
  object space 60800K, 63% used [0x00000000d4000000,0x00000000d65b46e0,0x00000000d7b60000)
 PSPermGen       total 21248K, used 8702K [0x00000000cee00000, 0x00000000d02c0000, 0x00000000d4000000)
  object space 21248K, 40% used [0x00000000cee00000,0x00000000cf67faf8,0x00000000d02c0000)
Event: 2.857 GC heap after
Heap after GC invocations=3 (full 1):
 PSYoungGen      total 13120K, used 0K [0x00000000f1560000, 0x00000000f25b0000, 0x0000000100000000)
  eden space 11264K, 0% used [0x00000000f1560000,0x00000000f1560000,0x00000000f2060000)
  from space 1856K, 0% used [0x00000000f2230000,0x00000000f2230000,0x00000000f2400000)
  to   space 1856K, 0% used [0x00000000f2060000,0x00000000f2060000,0x00000000f2230000)
 ParOldGen       total 60800K, used 38609K [0x00000000d4000000, 0x00000000d7b60000, 0x00000000f1560000)
  object space 60800K, 63% used [0x00000000d4000000,0x00000000d65b46e0,0x00000000d7b60000)
 PSPermGen       total 21248K, used 8702K [0x00000000cee00000, 0x00000000d02c0000, 0x00000000d4000000)
  object space 21248K, 40% used [0x00000000cee00000,0x00000000cf67faf8,0x00000000d02c0000)
}
Event: 2.887 GC heap before
{Heap before GC invocations=4 (full 1):
 PSYoungGen      total 13120K, used 11264K [0x00000000f1560000, 0x00000000f25b0000, 0x0000000100000000)
  eden space 11264K, 100% used [0x00000000f1560000,0x00000000f2060000,0x00000000f2060000)
  from space 1856K, 0% used [0x00000000f2230000,0x00000000f2230000,0x00000000f2400000)
  to   space 1856K, 0% used [0x00000000f2060000,0x00000000f2060000,0x00000000f2230000)
 ParOldGen       total 60800K, used 38609K [0x00000000d4000000, 0x00000000d7b60000, 0x00000000f1560000)
  object space 60800K, 63% used [0x00000000d4000000,0x00000000d65b46e0,0x00000000d7b60000)
 PSPermGen       total 21248K, used 8702K [0x00000000cee00000, 0x00000000d02c0000, 0x00000000d4000000)
  object space 21248K, 40% used [0x00000000cee00000,0x00000000cf67faf8,0x00000000d02c0000)
Event: 2.888 GC heap after
Heap after GC invocations=4 (full 1):
 PSYoungGen      total 13120K, used 0K [0x00000000f1560000, 0x00000000f2800000, 0x0000000100000000)
  eden space 11264K, 0% used [0x00000000f1560000,0x00000000f1560000,0x00000000f2060000)
  from space 1856K, 0% used [0x00000000f2060000,0x00000000f2060000,0x00000000f2230000)
  to   space 1856K, 0% used [0x00000000f2630000,0x00000000f2630000,0x00000000f2800000)
 ParOldGen       total 60800K, used 38609K [0x00000000d4000000, 0x00000000d7b60000, 0x00000000f1560000)
  object space 60800K, 63% used [0x00000000d4000000,0x00000000d65b46e0,0x00000000d7b60000)
 PSPermGen       total 21248K, used 8702K [0x00000000cee00000, 0x00000000d02c0000, 0x00000000d4000000)
  object space 21248K, 40% used [0x00000000cee00000,0x00000000cf67faf8,0x00000000d02c0000)
}
Event: 2.917 GC heap before
{Heap before GC invocations=5 (full 1):
 PSYoungGen      total 13120K, used 11264K [0x00000000f1560000, 0x00000000f2800000, 0x0000000100000000)
  eden space 11264K, 100% used [0x00000000f1560000,0x00000000f2060000,0x00000000f2060000)
  from space 1856K, 0% used [0x00000000f2060000,0x00000000f2060000,0x00000000f2230000)
  to   space 1856K, 0% used [0x00000000f2630000,0x00000000f2630000,0x00000000f2800000)
 ParOldGen       total 60800K, used 38609K [0x00000000d4000000, 0x00000000d7b60000, 0x00000000f1560000)
  object space 60800K, 63% used [0x00000000d4000000,0x00000000d65b46e0,0x00000000d7b60000)
 PSPermGen       total 21248K, used 8702K [0x00000000cee00000, 0x00000000d02c0000, 0x00000000d4000000)
  object space 21248K, 40% used [0x00000000cee00000,0x00000000cf67faf8,0x00000000d02c0000)
Event: 2.918 GC heap after
Heap after GC invocations=5 (full 1):
 PSYoungGen      total 17216K, used 0K [0x00000000f1560000, 0x00000000f28c0000, 0x0000000100000000)
  eden space 15360K, 0% used [0x00000000f1560000,0x00000000f1560000,0x00000000f2460000)
  from space 1856K, 0% used [0x00000000f2630000,0x00000000f2630000,0x00000000f2800000)
  to   space 1856K, 0% used [0x00000000f2460000,0x00000000f2460000,0x00000000f2630000)
 ParOldGen       total 60800K, used 38609K [0x00000000d4000000, 0x00000000d7b60000, 0x00000000f1560000)
  object space 60800K, 63% used [0x00000000d4000000,0x00000000d65b46e0,0x00000000d7b60000)
 PSPermGen       total 21248K, used 8702K [0x00000000cee00000, 0x00000000d02c0000, 0x00000000d4000000)
  object space 21248K, 40% used [0x00000000cee00000,0x00000000cf67faf8,0x00000000d02c0000)
}
Event: 2.961 GC heap before
{Heap before GC invocations=6 (full 1):
 PSYoungGen      total 17216K, used 15360K [0x00000000f1560000, 0x00000000f28c0000, 0x0000000100000000)
  eden space 15360K, 100% used [0x00000000f1560000,0x00000000f2460000,0x00000000f2460000)
  from space 1856K, 0% used [0x00000000f2630000,0x00000000f2630000,0x00000000f2800000)
  to   space 1856K, 0% used [0x00000000f2460000,0x00000000f2460000,0x00000000f2630000)
 ParOldGen       total 60800K, used 38609K [0x00000000d4000000, 0x00000000d7b60000, 0x00000000f1560000)
  object space 60800K, 63% used [0x00000000d4000000,0x00000000d65b46e0,0x00000000d7b60000)
 PSPermGen       total 21248K, used 8702K [0x00000000cee00000, 0x00000000d02c0000, 0x00000000d4000000)
  object space 21248K, 40% used [0x00000000cee00000,0x00000000cf67faf8,0x00000000d02c0000)
Event: 2.962 GC heap after
Heap after GC invocations=6 (full 1):
 PSYoungGen      total 17216K, used 0K [0x00000000f1560000, 0x00000000f3000000, 0x0000000100000000)
  eden space 15360K, 0% used [0x00000000f1560000,0x00000000f1560000,0x00000000f2460000)
  from space 1856K, 0% used [0x00000000f2460000,0x00000000f2460000,0x00000000f2630000)
  to   space 2560K, 0% used [0x00000000f2d80000,0x00000000f2d80000,0x00000000f3000000)
 ParOldGen       total 60800K, used 38609K [0x00000000d4000000, 0x00000000d7b60000, 0x00000000f1560000)
  object space 60800K, 63% used [0x00000000d4000000,0x00000000d65b46e0,0x00000000d7b60000)
 PSPermGen       total 21248K, used 8702K [0x00000000cee00000, 0x00000000d02c0000, 0x00000000d4000000)
  object space 21248K, 40% used [0x00000000cee00000,0x00000000cf67faf8,0x00000000d02c0000)
}
Event: 3.002 GC heap before
{Heap before GC invocations=7 (full 1):
 PSYoungGen      total 17216K, used 15360K [0x00000000f1560000, 0x00000000f3000000, 0x0000000100000000)
  eden space 15360K, 100% used [0x00000000f1560000,0x00000000f2460000,0x00000000f2460000)
  from space 1856K, 0% used [0x00000000f2460000,0x00000000f2460000,0x00000000f2630000)
  to   space 2560K, 0% used [0x00000000f2d80000,0x00000000f2d80000,0x00000000f3000000)
 ParOldGen       total 60800K, used 38609K [0x00000000d4000000, 0x00000000d7b60000, 0x00000000f1560000)
  object space 60800K, 63% used [0x00000000d4000000,0x00000000d65b46e0,0x00000000d7b60000)
 PSPermGen       total 21248K, used 8702K [0x00000000cee00000, 0x00000000d02c0000, 0x00000000d4000000)
  object space 21248K, 40% used [0x00000000cee00000,0x00000000cf67faf8,0x00000000d02c0000)
Event: 3.003 GC heap after
Heap after GC invocations=7 (full 1):
 PSYoungGen      total 24704K, used 0K [0x00000000f1560000, 0x00000000f2fd0000, 0x0000000100000000)
  eden space 22336K, 0% used [0x00000000f1560000,0x00000000f1560000,0x00000000f2b30000)
  from space 2368K, 0% used [0x00000000f2d80000,0x00000000f2d80000,0x00000000f2fd0000)
  to   space 2368K, 0% used [0x00000000f2b30000,0x00000000f2b30000,0x00000000f2d80000)
 ParOldGen       total 60800K, used 38609K [0x00000000d4000000, 0x00000000d7b60000, 0x00000000f1560000)
  object space 60800K, 63% used [0x00000000d4000000,0x00000000d65b46e0,0x00000000d7b60000)
 PSPermGen       total 21248K, used 8702K [0x00000000cee00000, 0x00000000d02c0000, 0x00000000d4000000)
  object space 21248K, 40% used [0x00000000cee00000,0x00000000cf67faf8,0x00000000d02c0000)
}

